z:\codebase\bbox-api\example\c++\consoleapplication1\consoleapplication1\release\consolea.59a9d803.tlog\metagen.write.1.tlog
z:\codebase\bbox-api\example\c++\consoleapplication1\release\consoleapplication1.exe
z:\codebase\bbox-api\example\c++\consoleapplication1\release\consoleapplication1.pdb
z:\codebase\bbox-api\example\c++\consoleapplication1\release\bboxapi.dll
z:\codebase\bbox-api\example\c++\consoleapplication1\consoleapplication1\release\vc141.pdb
z:\codebase\bbox-api\example\c++\consoleapplication1\consoleapplication1\release\.netframework,version=4.5.2.assemblyattributes.obj
z:\codebase\bbox-api\example\c++\consoleapplication1\consoleapplication1\release\.netframework,version=4.5.2.assemblyattributes.asm
z:\codebase\bbox-api\example\c++\consoleapplication1\consoleapplication1\release\consoleapplication1.pch
z:\codebase\bbox-api\example\c++\consoleapplication1\consoleapplication1\release\pch.obj
z:\codebase\bbox-api\example\c++\consoleapplication1\consoleapplication1\release\consoleapplication1.obj
z:\codebase\bbox-api\example\c++\consoleapplication1\consoleapplication1\release\consoleapplication1.vcxprojassemblyreference.cache
z:\codebase\bbox-api\example\c++\consoleapplication1\consoleapplication1\release\consolea.59a9d803.tlog\link.read.1.tlog
z:\codebase\bbox-api\example\c++\consoleapplication1\consoleapplication1\release\consolea.59a9d803.tlog\link.command.1.tlog
z:\codebase\bbox-api\example\c++\consoleapplication1\consoleapplication1\release\consolea.59a9d803.tlog\link.write.1.tlog
z:\codebase\bbox-api\example\c++\consoleapplication1\consoleapplication1\release\consolea.59a9d803.tlog\cl.read.1.tlog
z:\codebase\bbox-api\example\c++\consoleapplication1\consoleapplication1\release\consolea.59a9d803.tlog\consoleapplication1.write.1u.tlog
z:\codebase\bbox-api\example\c++\consoleapplication1\consoleapplication1\release\consolea.59a9d803.tlog\cl.command.1.tlog
z:\codebase\bbox-api\example\c++\consoleapplication1\consoleapplication1\release\consolea.59a9d803.tlog\cl.write.1.tlog
z:\codebase\bbox-api\example\c++\consoleapplication1\consoleapplication1\release\consolea.59a9d803.tlog\metagen.read.1.tlog
z:\codebase\bbox-api\example\c++\consoleapplication1\consoleapplication1\release\consolea.59a9d803.tlog\bboxapi.dll.metagen
