d:\source\bbox-api\example\bboxone\1st generation\c++\consoleapplication1\consoleapplication1\release\consoleapplication1.pch
d:\source\bbox-api\example\bboxone\1st generation\c++\consoleapplication1\consoleapplication1\release\vc142.pdb
d:\source\bbox-api\example\bboxone\1st generation\c++\consoleapplication1\consoleapplication1\release\pch.obj
d:\source\bbox-api\example\bboxone\1st generation\c++\consoleapplication1\consoleapplication1\release\bboxone_demo.obj
d:\source\bbox-api\example\bboxone\1st generation\c++\consoleapplication1\consoleapplication1\release\.netframework,version=4.5.2.assemblyattributes.obj
d:\source\bbox-api\example\bboxone\1st generation\c++\consoleapplication1\release\consoleapplication1.exe
d:\source\bbox-api\example\bboxone\1st generation\c++\consoleapplication1\release\consoleapplication1.pdb
d:\source\bbox-api\example\bboxone\1st generation\c++\consoleapplication1\consoleapplication1\release\consolea.59a9d803.tlog\metagen.write.1.tlog
d:\source\bbox-api\example\bboxone\first_generation\c++\consoleapplication1\consoleapplication1\release\consoleapplication1.vcxprojassemblyreference.cache
d:\source\bbox-api\example\bboxone\first_generation\c++\consoleapplication1\consoleapplication1\release\.netframework,version=4.5.2.assemblyattributes.obj
d:\source\bbox-api\example\bboxone\first_generation\c++\consoleapplication1\consoleapplication1\release\bboxone_demo.obj
d:\source\bbox-api\example\bboxone\first_generation\c++\consoleapplication1\consoleapplication1\release\pch.obj
d:\source\bbox-api\example\bboxone\first_generation\c++\consoleapplication1\consoleapplication1\release\consoleapplication1.pch
d:\source\bbox-api\example\bboxone\first_generation\c++\consoleapplication1\consoleapplication1\release\vc142.pdb
d:\source\bbox-api\example\bboxone\first_generation\c++\consoleapplication1\release\consoleapplication1.pdb
d:\source\bbox-api\example\bboxone\first_generation\c++\consoleapplication1\release\consoleapplication1.exe
d:\source\bbox-api\example\bboxone\first_generation\c++\consoleapplication1\consoleapplication1\release\consolea.59a9d803.tlog\cl.command.1.tlog
d:\source\bbox-api\example\bboxone\first_generation\c++\consoleapplication1\consoleapplication1\release\consolea.59a9d803.tlog\cl.read.1.tlog
d:\source\bbox-api\example\bboxone\first_generation\c++\consoleapplication1\consoleapplication1\release\consolea.59a9d803.tlog\cl.write.1.tlog
d:\source\bbox-api\example\bboxone\first_generation\c++\consoleapplication1\consoleapplication1\release\consolea.59a9d803.tlog\link.command.1.tlog
d:\source\bbox-api\example\bboxone\first_generation\c++\consoleapplication1\consoleapplication1\release\consolea.59a9d803.tlog\link.read.1.tlog
d:\source\bbox-api\example\bboxone\first_generation\c++\consoleapplication1\consoleapplication1\release\consolea.59a9d803.tlog\link.write.1.tlog
d:\source\bbox-api\example\bboxone\first_generation\c++\consoleapplication1\consoleapplication1\release\consolea.59a9d803.tlog\metagen.read.1.tlog
d:\source\bbox-api\example\bboxone\first_generation\c++\consoleapplication1\consoleapplication1\release\consolea.59a9d803.tlog\metagen.write.1.tlog
d:\source\bbox-api\example\bboxone\first_generation\c++\consoleapplication1\consoleapplication1\release\consolea.59a9d803.tlog\bboxapi.dll.metagen
